# JRE version: Java(TM) SE Runtime Environment (11.0.1+13) (build 11.0.1+13-LTS)
# Java VM: Java HotSpot(TM) 64-Bit Server VM (11.0.1+13-LTS, mixed mode, tiered, compressed oops, g1 gc, windows-amd64)
Heap:
 garbage-first heap   total 129024K, used 25850K [0x0000000082800000, 0x0000000100000000)
  region size 1024K, 9 young (9216K), 9 survivors (9216K)
 Metaspace       used 53829K, capacity 55383K, committed 55424K, reserved 1110016K
  class space    used 6886K, capacity 7517K, committed 7552K, reserved 1048576K
GC Heap History (10 events):
Event: 3.093 GC heap before
{Heap before GC invocations=5 (full 0):
 garbage-first heap   total 129024K, used 76221K [0x0000000082800000, 0x0000000100000000)
  region size 1024K, 68 young (69632K), 4 survivors (4096K)
 Metaspace       used 31147K, capacity 32166K, committed 32512K, reserved 1077248K
  class space    used 3850K, capacity 4236K, committed 4352K, reserved 1048576K
}
Event: 3.098 GC heap after
{Heap after GC invocations=6 (full 0):
 garbage-first heap   total 129024K, used 13468K [0x0000000082800000, 0x0000000100000000)
  region size 1024K, 6 young (6144K), 6 survivors (6144K)
 Metaspace       used 31147K, capacity 32166K, committed 32512K, reserved 1077248K
  class space    used 3850K, capacity 4236K, committed 4352K, reserved 1048576K
}
Event: 3.340 GC heap before
{Heap before GC invocations=6 (full 0):
 garbage-first heap   total 129024K, used 41116K [0x0000000082800000, 0x0000000100000000)
  region size 1024K, 34 young (34816K), 6 survivors (6144K)
 Metaspace       used 34755K, capacity 35788K, committed 35840K, reserved 1081344K
  class space    used 4335K, capacity 4723K, committed 4736K, reserved 1048576K
}
Event: 3.348 GC heap after
{Heap after GC invocations=7 (full 0):
 garbage-first heap   total 129024K, used 15050K [0x0000000082800000, 0x0000000100000000)
  region size 1024K, 6 young (6144K), 6 survivors (6144K)
 Metaspace       used 34755K, capacity 35788K, committed 35840K, reserved 1081344K
  class space    used 4335K, capacity 4723K, committed 4736K, reserved 1048576K
}
Event: 3.633 GC heap before
{Heap before GC invocations=8 (full 0):
 garbage-first heap   total 129024K, used 84682K [0x0000000082800000, 0x0000000100000000)
  region size 1024K, 75 young (76800K), 6 survivors (6144K)
 Metaspace       used 38558K, capacity 39840K, committed 39936K, reserved 1083392K
  class space    used 4851K, capacity 5345K, committed 5376K, reserved 1048576K
}
Event: 3.640 GC heap after
{Heap after GC invocations=9 (full 0):
 garbage-first heap   total 129024K, used 17126K [0x0000000082800000, 0x0000000100000000)
  region size 1024K, 7 young (7168K), 7 survivors (7168K)
 Metaspace       used 38558K, capacity 39840K, committed 39936K, reserved 1083392K
  class space    used 4851K, capacity 5345K, committed 5376K, reserved 1048576K
}
Event: 4.113 GC heap before
{Heap before GC invocations=9 (full 0):
 garbage-first heap   total 129024K, used 86758K [0x0000000082800000, 0x0000000100000000)
  region size 1024K, 75 young (76800K), 7 survivors (7168K)
 Metaspace       used 46773K, capacity 48210K, committed 48512K, reserved 1091584K
  class space    used 5878K, capacity 6449K, committed 6528K, reserved 1048576K
}
Event: 4.123 GC heap after
{Heap after GC invocations=10 (full 0):
 garbage-first heap   total 129024K, used 22102K [0x0000000082800000, 0x0000000100000000)
  region size 1024K, 9 young (9216K), 9 survivors (9216K)
 Metaspace       used 46773K, capacity 48210K, committed 48512K, reserved 1091584K
  class space    used 5878K, capacity 6449K, committed 6528K, reserved 1048576K
}
Event: 4.439 GC heap before
{Heap before GC invocations=10 (full 0):
 garbage-first heap   total 129024K, used 84566K [0x0000000082800000, 0x0000000100000000)
  region size 1024K, 71 young (72704K), 9 survivors (9216K)
 Metaspace       used 53829K, capacity 55383K, committed 55424K, reserved 1107968K
  class space    used 6886K, capacity 7517K, committed 7552K, reserved 1048576K
}
Event: 4.445 GC heap after
{Heap after GC invocations=11 (full 0):
 garbage-first heap   total 129024K, used 25850K [0x0000000082800000, 0x0000000100000000)
  region size 1024K, 9 young (9216K), 9 survivors (9216K)
 Metaspace       used 53829K, capacity 55383K, committed 55424K, reserved 1107968K
  class space    used 6886K, capacity 7517K, committed 7552K, reserved 1048576K
}

