# JRE version: Java(TM) SE Runtime Environment (11.0.1+13) (build 11.0.1+13-LTS)
# Java VM: Java HotSpot(TM) 64-Bit Server VM (11.0.1+13-LTS, mixed mode, tiered, compressed oops, g1 gc, windows-amd64)
Heap:
 garbage-first heap   total 155648K, used 17321K [0x0000000082800000, 0x0000000100000000)
  region size 1024K, 4 young (4096K), 4 survivors (4096K)
 Metaspace       used 39314K, capacity 40579K, committed 40652K, reserved 1097728K
  class space    used 4960K, capacity 5480K, committed 5504K, reserved 1048576K
GC Heap History (10 events):
Event: 2.743 GC heap after
{Heap after GC invocations=5 (full 0):
 garbage-first heap   total 129024K, used 11766K [0x0000000082800000, 0x0000000100000000)
  region size 1024K, 4 young (4096K), 4 survivors (4096K)
 Metaspace       used 26424K, capacity 27133K, committed 27392K, reserved 1073152K
  class space    used 3228K, capacity 3506K, committed 3584K, reserved 1048576K
}
Event: 3.113 GC heap before
{Heap before GC invocations=5 (full 0):
 garbage-first heap   total 129024K, used 76278K [0x0000000082800000, 0x0000000100000000)
  region size 1024K, 68 young (69632K), 4 survivors (4096K)
 Metaspace       used 31174K, capacity 32182K, committed 32512K, reserved 1077248K
  class space    used 3853K, capacity 4236K, committed 4352K, reserved 1048576K
}
Event: 3.119 GC heap after
{Heap after GC invocations=6 (full 0):
 garbage-first heap   total 129024K, used 13896K [0x0000000082800000, 0x0000000100000000)
  region size 1024K, 6 young (6144K), 6 survivors (6144K)
 Metaspace       used 31174K, capacity 32182K, committed 32512K, reserved 1077248K
  class space    used 3853K, capacity 4236K, committed 4352K, reserved 1048576K
}
Event: 3.340 GC heap before
{Heap before GC invocations=6 (full 0):
 garbage-first heap   total 129024K, used 40520K [0x0000000082800000, 0x0000000100000000)
  region size 1024K, 33 young (33792K), 6 survivors (6144K)
 Metaspace       used 34737K, capacity 35804K, committed 35840K, reserved 1081344K
  class space    used 4335K, capacity 4723K, committed 4736K, reserved 1048576K
}
Event: 3.348 GC heap after
{Heap after GC invocations=7 (full 0):
 garbage-first heap   total 129024K, used 15089K [0x0000000082800000, 0x0000000100000000)
  region size 1024K, 6 young (6144K), 6 survivors (6144K)
 Metaspace       used 34737K, capacity 35804K, committed 35840K, reserved 1081344K
  class space    used 4335K, capacity 4723K, committed 4736K, reserved 1048576K
}
Event: 3.636 GC heap before
{Heap before GC invocations=8 (full 0):
 garbage-first heap   total 129024K, used 84721K [0x0000000082800000, 0x0000000100000000)
  region size 1024K, 75 young (76800K), 6 survivors (6144K)
 Metaspace       used 38575K, capacity 39856K, committed 40012K, reserved 1091584K
  class space    used 4857K, capacity 5345K, committed 5376K, reserved 1048576K
}
Event: 3.644 GC heap after
{Heap after GC invocations=9 (full 0):
 garbage-first heap   total 129024K, used 17014K [0x0000000082800000, 0x0000000100000000)
  region size 1024K, 7 young (7168K), 7 survivors (7168K)
 Metaspace       used 38575K, capacity 39856K, committed 40012K, reserved 1091584K
  class space    used 4857K, capacity 5345K, committed 5376K, reserved 1048576K
}
Event: 3.681 GC heap before
{Heap before GC invocations=9 (full 0):
 garbage-first heap   total 129024K, used 20086K [0x0000000082800000, 0x0000000100000000)
  region size 1024K, 11 young (11264K), 7 survivors (7168K)
 Metaspace       used 39004K, capacity 40251K, committed 40396K, reserved 1099776K
  class space    used 4909K, capacity 5413K, committed 5504K, reserved 1048576K
}
Event: 3.689 GC heap after
{Heap after GC invocations=10 (full 0):
 garbage-first heap   total 129024K, used 17152K [0x0000000082800000, 0x0000000100000000)
  region size 1024K, 4 young (4096K), 4 survivors (4096K)
 Metaspace       used 39004K, capacity 40251K, committed 40396K, reserved 1099776K
  class space    used 4909K, capacity 5413K, committed 5504K, reserved 1048576K
}
Event: 3.739 GC heap before
{Heap before GC invocations=11 (full 0):
 garbage-first heap   total 129024K, used 22272K [0x0000000082800000, 0x0000000100000000)
  region size 1024K, 10 young (10240K), 4 survivors (4096K)
 Metaspace       used 39314K, capacity 40579K, committed 40652K, reserved 1097728K
  class space    used 4960K, capacity 5480K, committed 5504K, reserved 1048576K
}

